<?xml version="1.0" encoding="UTF-8"?>
<testng-results skipped="0" failed="0" ignored="0" total="9" passed="9">
  <reporter-output>
  </reporter-output>
  <suite name="Default suite" duration-ms="197518" started-at="2019-07-26T18:32:10Z" finished-at="2019-07-26T18:35:28Z">
    <groups>
    </groups>
    <test name="Default test" duration-ms="197518" started-at="2019-07-26T18:32:10Z" finished-at="2019-07-26T18:35:28Z">
      <class name="com.mobile.functional.HBGFunctionalTests1">
        <test-method status="PASS" signature="init()[pri:0, instance:com.mobile.functional.HBGFunctionalTests1@131ef10]" name="init" is-config="true" duration-ms="6" started-at="2019-07-26T18:32:11Z" finished-at="2019-07-26T18:32:11Z">
          <reporter-output>
          </reporter-output>
        </test-method> <!-- init -->
        <test-method status="PASS" signature="OpenApp(java.util.Hashtable)[pri:1, instance:com.mobile.functional.HBGFunctionalTests1@131ef10]" name="OpenApp" duration-ms="123914" started-at="2019-07-26T18:32:11Z" data-provider="getData" finished-at="2019-07-26T18:34:14Z">
          <params>
            <param index="0">
              <value>
                <![CDATA[{Name=XYZ, ExpAmt=300, Runmode=Y}]]>
              </value>
            </param>
          </params>
          <reporter-output>
          </reporter-output>
        </test-method> <!-- OpenApp -->
        <test-method status="PASS" signature="init()[pri:0, instance:com.mobile.functional.HBGFunctionalTests1@131ef10]" name="init" is-config="true" duration-ms="1" started-at="2019-07-26T18:34:14Z" finished-at="2019-07-26T18:34:14Z">
          <reporter-output>
          </reporter-output>
        </test-method> <!-- init -->
        <test-method status="PASS" signature="HBGFunctionalTest()[pri:2, instance:com.mobile.functional.HBGFunctionalTests1@131ef10]" name="HBGFunctionalTest" duration-ms="6486" started-at="2019-07-26T18:34:14Z" finished-at="2019-07-26T18:34:21Z">
          <reporter-output>
          </reporter-output>
        </test-method> <!-- HBGFunctionalTest -->
        <test-method status="PASS" signature="init()[pri:0, instance:com.mobile.functional.HBGFunctionalTests1@131ef10]" name="init" is-config="true" duration-ms="1" started-at="2019-07-26T18:34:21Z" finished-at="2019-07-26T18:34:21Z">
          <reporter-output>
          </reporter-output>
        </test-method> <!-- init -->
        <test-method status="PASS" signature="HBGFunctionalTest2()[pri:3, instance:com.mobile.functional.HBGFunctionalTests1@131ef10]" name="HBGFunctionalTest2" duration-ms="33206" started-at="2019-07-26T18:34:21Z" finished-at="2019-07-26T18:34:54Z">
          <reporter-output>
          </reporter-output>
        </test-method> <!-- HBGFunctionalTest2 -->
        <test-method status="PASS" signature="init()[pri:0, instance:com.mobile.functional.HBGFunctionalTests1@131ef10]" name="init" is-config="true" duration-ms="1" started-at="2019-07-26T18:34:54Z" finished-at="2019-07-26T18:34:54Z">
          <reporter-output>
          </reporter-output>
        </test-method> <!-- init -->
        <test-method status="PASS" signature="HBGFunctionalTest3()[pri:4, instance:com.mobile.functional.HBGFunctionalTests1@131ef10]" name="HBGFunctionalTest3" duration-ms="29487" started-at="2019-07-26T18:34:54Z" finished-at="2019-07-26T18:35:24Z">
          <reporter-output>
          </reporter-output>
        </test-method> <!-- HBGFunctionalTest3 -->
        <test-method status="PASS" signature="HBGFunctionalTest4()[pri:5, instance:com.mobile.functional.HBGFunctionalTests1@131ef10]" name="HBGFunctionalTest4" duration-ms="597" started-at="2019-07-26T18:35:24Z" finished-at="2019-07-26T18:35:24Z">
          <reporter-output>
          </reporter-output>
        </test-method> <!-- HBGFunctionalTest4 -->
        <test-method status="PASS" signature="init()[pri:0, instance:com.mobile.functional.HBGFunctionalTests1@131ef10]" name="init" is-config="true" duration-ms="0" started-at="2019-07-26T18:35:24Z" finished-at="2019-07-26T18:35:24Z">
          <reporter-output>
          </reporter-output>
        </test-method> <!-- init -->
        <test-method status="PASS" signature="init()[pri:0, instance:com.mobile.functional.HBGFunctionalTests1@131ef10]" name="init" is-config="true" duration-ms="0" started-at="2019-07-26T18:35:24Z" finished-at="2019-07-26T18:35:24Z">
          <reporter-output>
          </reporter-output>
        </test-method> <!-- init -->
        <test-method status="PASS" signature="HBGFunctionalTest5()[pri:6, instance:com.mobile.functional.HBGFunctionalTests1@131ef10]" name="HBGFunctionalTest5" duration-ms="573" started-at="2019-07-26T18:35:24Z" finished-at="2019-07-26T18:35:25Z">
          <reporter-output>
          </reporter-output>
        </test-method> <!-- HBGFunctionalTest5 -->
        <test-method status="PASS" signature="init()[pri:0, instance:com.mobile.functional.HBGFunctionalTests1@131ef10]" name="init" is-config="true" duration-ms="1" started-at="2019-07-26T18:35:25Z" finished-at="2019-07-26T18:35:25Z">
          <reporter-output>
          </reporter-output>
        </test-method> <!-- init -->
        <test-method status="PASS" signature="HBGFunctionalTest6()[pri:7, instance:com.mobile.functional.HBGFunctionalTests1@131ef10]" name="HBGFunctionalTest6" duration-ms="573" started-at="2019-07-26T18:35:25Z" finished-at="2019-07-26T18:35:25Z">
          <reporter-output>
          </reporter-output>
        </test-method> <!-- HBGFunctionalTest6 -->
        <test-method status="PASS" signature="init()[pri:0, instance:com.mobile.functional.HBGFunctionalTests1@131ef10]" name="init" is-config="true" duration-ms="0" started-at="2019-07-26T18:35:25Z" finished-at="2019-07-26T18:35:25Z">
          <reporter-output>
          </reporter-output>
        </test-method> <!-- init -->
        <test-method status="PASS" signature="HBGFunctionalTest7()[pri:8, instance:com.mobile.functional.HBGFunctionalTests1@131ef10]" name="HBGFunctionalTest7" duration-ms="577" started-at="2019-07-26T18:35:25Z" finished-at="2019-07-26T18:35:26Z">
          <reporter-output>
          </reporter-output>
        </test-method> <!-- HBGFunctionalTest7 -->
        <test-method status="PASS" signature="HBGFunctionalTest8()[pri:9, instance:com.mobile.functional.HBGFunctionalTests1@131ef10]" name="HBGFunctionalTest8" duration-ms="619" started-at="2019-07-26T18:35:26Z" finished-at="2019-07-26T18:35:27Z">
          <reporter-output>
          </reporter-output>
        </test-method> <!-- HBGFunctionalTest8 -->
        <test-method status="PASS" signature="init()[pri:0, instance:com.mobile.functional.HBGFunctionalTests1@131ef10]" name="init" is-config="true" duration-ms="0" started-at="2019-07-26T18:35:26Z" finished-at="2019-07-26T18:35:26Z">
          <reporter-output>
          </reporter-output>
        </test-method> <!-- init -->
        <test-method status="PASS" signature="quit()[pri:0, instance:com.mobile.functional.HBGFunctionalTests1@131ef10]" name="quit" is-config="true" duration-ms="1422" started-at="2019-07-26T18:35:27Z" finished-at="2019-07-26T18:35:28Z">
          <reporter-output>
          </reporter-output>
        </test-method> <!-- quit -->
      </class> <!-- com.mobile.functional.HBGFunctionalTests1 -->
    </test> <!-- Default test -->
  </suite> <!-- Default suite -->
</testng-results>
